c:\users\szymek\desktop\csgo glow project\build\based.lib
c:\users\szymek\desktop\csgo glow project\build\based.exp
c:\users\szymek\desktop\csgo glow project\build\intermediates\vc142.pdb
c:\users\szymek\desktop\csgo glow project\build\intermediates\hooks.obj
c:\users\szymek\desktop\csgo glow project\build\intermediates\trampoline.obj
c:\users\szymek\desktop\csgo glow project\build\intermediates\hook.obj
c:\users\szymek\desktop\csgo glow project\build\intermediates\hde64.obj
c:\users\szymek\desktop\csgo glow project\build\intermediates\hde32.obj
c:\users\szymek\desktop\csgo glow project\build\intermediates\buffer.obj
c:\users\szymek\desktop\csgo glow project\build\intermediates\memory.obj
c:\users\szymek\desktop\csgo glow project\build\intermediates\main.obj
c:\users\szymek\desktop\csgo glow project\build\intermediates\misc.obj
c:\users\szymek\desktop\csgo glow project\build\intermediates\netvars.obj
c:\users\szymek\desktop\csgo glow project\build\intermediates\interfaces.obj
c:\users\szymek\desktop\csgo glow project\build\intermediates\globals.obj
c:\users\szymek\desktop\csgo glow project\build\based.dll
c:\users\szymek\desktop\csgo glow project\build\intermediates\based.ipdb
c:\users\szymek\desktop\csgo glow project\build\intermediates\based.iobj
c:\users\szymek\desktop\csgo glow project\build\based.pdb
c:\users\szymek\desktop\csgo glow project\build\intermediates\based.tlog\based.write.1u.tlog
c:\users\szymek\desktop\csgo glow project\build\intermediates\based.tlog\cl.command.1.tlog
c:\users\szymek\desktop\csgo glow project\build\intermediates\based.tlog\cl.read.1.tlog
c:\users\szymek\desktop\csgo glow project\build\intermediates\based.tlog\cl.write.1.tlog
c:\users\szymek\desktop\csgo glow project\build\intermediates\based.tlog\link.command.1.tlog
c:\users\szymek\desktop\csgo glow project\build\intermediates\based.tlog\link.read.1.tlog
c:\users\szymek\desktop\csgo glow project\build\intermediates\based.tlog\link.write.1.tlog
